<?xml version="1.0" encoding="UTF-8"?>
<!-- Generated by org.testng.reporters.JUnitReportReporter -->
<testsuite skipped="0" hostname="Roly" name="TestNG.TestNgLogin" tests="1" failures="0" timestamp="23 ago 2021 21:04:14 GMT" time="0.142" errors="0">
  <testcase name="login" time="0.142" classname="TestNG.TestNgLogin"/>
</testsuite> <!-- TestNG.TestNgLogin -->
