<?xml version="1.0" encoding="UTF-8"?>
<!-- Generated by org.testng.reporters.JUnitReportReporter -->
<testsuite skipped="0" hostname="Roly" name="TestNG.TestNgLogin_incorrecto" tests="1" failures="0" timestamp="23 ago 2021 21:27:00 GMT" time="0.123" errors="0">
  <testcase name="login" time="0.123" classname="TestNG.TestNgLogin_incorrecto"/>
</testsuite> <!-- TestNG.TestNgLogin_incorrecto -->
